<?xml version="1.0" encoding="UTF-8"?>
<robot generator="Robot 4.0.1 (Python 3.8.2 on win32)" generated="20220116 18:59:17.626" rpa="false" schemaversion="2">
<suite id="s1" name="DictionaryAdvance" source="D:\workspace_python\Amazon\Tests\DictionaryAdvance.robot">
<test id="s1-t1" name="TC_001">
<kw name="Begin Web Test" library="Common" type="SETUP">
<kw name="Open Browser" library="SeleniumLibrary">
<arg>about:blank</arg>
<arg>${BROWSER}</arg>
<doc>Opens a new browser instance to the optional ``url``.</doc>
<msg timestamp="20220116 18:59:18.024" level="INFO">Opening browser 'chrome' to base url 'about:blank'.</msg>
<status status="PASS" starttime="20220116 18:59:18.024" endtime="20220116 18:59:19.299"/>
</kw>
<kw name="Maximize Browser Window" library="SeleniumLibrary">
<doc>Maximizes current browser window.</doc>
<status status="PASS" starttime="20220116 18:59:19.299" endtime="20220116 18:59:19.419"/>
</kw>
<status status="PASS" starttime="20220116 18:59:18.022" endtime="20220116 18:59:19.420"/>
</kw>
<kw name="Register Account" library="BlazeDemo">
<arg>${CUSTOMER_1}</arg>
<kw name="Load" library="WelcomePage">
<kw name="Go To" library="SeleniumLibrary">
<arg>${BASE_URL}</arg>
<doc>Navigates the current browser window to the provided ``url``.</doc>
<msg timestamp="20220116 18:59:19.423" level="INFO">Opening url 'https://blazedemo.com'</msg>
<status status="PASS" starttime="20220116 18:59:19.423" endtime="20220116 18:59:20.105"/>
</kw>
<status status="PASS" starttime="20220116 18:59:19.422" endtime="20220116 18:59:20.106"/>
</kw>
<kw name="Verify Page Loaded" library="WelcomePage">
<kw name="Wait Until Page Contains" library="SeleniumLibrary">
<arg>Welcome to the Simple Travel Agency!</arg>
<doc>Waits until ``text`` appears on the current page.</doc>
<status status="PASS" starttime="20220116 18:59:20.106" endtime="20220116 18:59:20.128"/>
</kw>
<status status="PASS" starttime="20220116 18:59:20.106" endtime="20220116 18:59:20.128"/>
</kw>
<kw name="Choose City" library="WelcomePage">
<kw name="Click Element" library="SeleniumLibrary">
<arg>xpath=//input[@type='submit']</arg>
<doc>Click the element identified by ``locator``.</doc>
<msg timestamp="20220116 18:59:20.130" level="INFO">Clicking element 'xpath=//input[@type='submit']'.</msg>
<status status="PASS" starttime="20220116 18:59:20.130" endtime="20220116 18:59:20.661"/>
</kw>
<status status="PASS" starttime="20220116 18:59:20.129" endtime="20220116 18:59:20.661"/>
</kw>
<kw name="Verify Page Loaded" library="FlightsPage">
<kw name="Wait Until Page Contains" library="SeleniumLibrary">
<arg>Flights from</arg>
<doc>Waits until ``text`` appears on the current page.</doc>
<status status="PASS" starttime="20220116 18:59:20.662" endtime="20220116 18:59:20.682"/>
</kw>
<status status="PASS" starttime="20220116 18:59:20.661" endtime="20220116 18:59:20.683"/>
</kw>
<kw name="Choose Flight" library="FlightsPage">
<kw name="Click Element" library="SeleniumLibrary">
<arg>xpath=//td[contains(text(),'Lufthansa')]//parent::tr/td/input</arg>
<doc>Click the element identified by ``locator``.</doc>
<msg timestamp="20220116 18:59:20.684" level="INFO">Clicking element 'xpath=//td[contains(text(),'Lufthansa')]//parent::tr/td/input'.</msg>
<status status="PASS" starttime="20220116 18:59:20.684" endtime="20220116 18:59:21.124"/>
</kw>
<status status="PASS" starttime="20220116 18:59:20.683" endtime="20220116 18:59:21.124"/>
</kw>
<kw name="Verify Page Loaded" library="PurchasePage">
<kw name="Wait Until Page Contains" library="SeleniumLibrary">
<arg>Your flight from</arg>
<doc>Waits until ``text`` appears on the current page.</doc>
<status status="PASS" starttime="20220116 18:59:21.126" endtime="20220116 18:59:21.147"/>
</kw>
<status status="PASS" starttime="20220116 18:59:21.125" endtime="20220116 18:59:21.148"/>
</kw>
<kw name="Purchase Ticket" library="PurchasePage">
<arg>${UserData}</arg>
<kw name="Input Text" library="SeleniumLibrary">
<arg>id=inputName</arg>
<arg>${UserData.name}</arg>
<doc>Types the given ``text`` into the text field identified by ``locator``.</doc>
<msg timestamp="20220116 18:59:21.151" level="INFO">Typing text 'Jack' into text field 'id=inputName'.</msg>
<status status="PASS" starttime="20220116 18:59:21.149" endtime="20220116 18:59:21.290"/>
</kw>
<kw name="Input Text" library="SeleniumLibrary">
<arg>id=address</arg>
<arg>${UserData.Address}</arg>
<doc>Types the given ``text`` into the text field identified by ``locator``.</doc>
<msg timestamp="20220116 18:59:21.292" level="INFO">Typing text 'USA' into text field 'id=address'.</msg>
<status status="PASS" starttime="20220116 18:59:21.290" endtime="20220116 18:59:21.414"/>
</kw>
<kw name="Input Text" library="SeleniumLibrary">
<arg>id=city</arg>
<arg>${UserData.City}</arg>
<doc>Types the given ``text`` into the text field identified by ``locator``.</doc>
<msg timestamp="20220116 18:59:21.416" level="INFO">Typing text 'Boston' into text field 'id=city'.</msg>
<status status="PASS" starttime="20220116 18:59:21.414" endtime="20220116 18:59:21.536"/>
</kw>
<kw name="Input Text" library="SeleniumLibrary">
<arg>id=state</arg>
<arg>${UserData.State}</arg>
<doc>Types the given ``text`` into the text field identified by ``locator``.</doc>
<msg timestamp="20220116 18:59:21.538" level="INFO">Typing text 'State_1' into text field 'id=state'.</msg>
<status status="PASS" starttime="20220116 18:59:21.537" endtime="20220116 18:59:21.656"/>
</kw>
<kw name="Input Text" library="SeleniumLibrary">
<arg>id=zipCode</arg>
<arg>${UserData.ZipCode}</arg>
<doc>Types the given ``text`` into the text field identified by ``locator``.</doc>
<msg timestamp="20220116 18:59:21.658" level="INFO">Typing text '123' into text field 'id=zipCode'.</msg>
<status status="PASS" starttime="20220116 18:59:21.657" endtime="20220116 18:59:21.768"/>
</kw>
<kw name="Click Element" library="SeleniumLibrary">
<arg>xpath=//input[@value='Purchase Flight']</arg>
<doc>Click the element identified by ``locator``.</doc>
<msg timestamp="20220116 18:59:21.769" level="INFO">Clicking element 'xpath=//input[@value='Purchase Flight']'.</msg>
<status status="PASS" starttime="20220116 18:59:21.769" endtime="20220116 18:59:22.207"/>
</kw>
<kw name="Wait Until Page Contains" library="SeleniumLibrary">
<arg>Thank you for your purchase today!</arg>
<doc>Waits until ``text`` appears on the current page.</doc>
<status status="PASS" starttime="20220116 18:59:22.207" endtime="20220116 18:59:22.228"/>
</kw>
<status status="PASS" starttime="20220116 18:59:21.148" endtime="20220116 18:59:22.228"/>
</kw>
<status status="PASS" starttime="20220116 18:59:19.421" endtime="20220116 18:59:22.228"/>
</kw>
<kw name="End Web Test" library="Common" type="TEARDOWN">
<kw name="Close Browser" library="SeleniumLibrary">
<doc>Closes the current browser.</doc>
<status status="PASS" starttime="20220116 18:59:22.230" endtime="20220116 18:59:24.469"/>
</kw>
<status status="PASS" starttime="20220116 18:59:22.229" endtime="20220116 18:59:24.469"/>
</kw>
<status status="PASS" starttime="20220116 18:59:18.021" endtime="20220116 18:59:24.470"/>
</test>
<status status="PASS" starttime="20220116 18:59:17.629" endtime="20220116 18:59:24.473"/>
</suite>
<statistics>
<total>
<stat pass="1" fail="0" skip="0">All Tests</stat>
</total>
<tag>
</tag>
<suite>
<stat pass="1" fail="0" skip="0" id="s1" name="DictionaryAdvance">DictionaryAdvance</stat>
</suite>
</statistics>
<errors>
</errors>
</robot>
